Application/build/outputs/logs/manifest-merger-release-report.txt
-- Merging decision tree log ---
manifest
ADDED from src\main\AndroidManifest.xml:16:1-66:12
INJECTED from src\main\AndroidManifest.xml:16:1-66:12
INJECTED from src\main\AndroidManifest.xml:16:1-66:12
MERGED from [com.android.support:support-v13:24.1.1] AndroidManifest.xml:17:1-27:12
MERGED from [com.android.support:appcompat-v7:24.1.1] AndroidManifest.xml:17:1-27:12
MERGED from [com.android.support:animated-vector-drawable:24.1.1] AndroidManifest.xml:17:1-24:12
MERGED from [com.android.support:support-vector-drawable:24.1.1] AndroidManifest.xml:17:1-25:12
MERGED from [com.android.support:support-v4:24.1.1] AndroidManifest.xml:17:1-27:12
MERGED from [com.android.support.constraint:constraint-layout:1.0.2] AndroidManifest.xml:2:1-11:12
INJECTED from src\main\AndroidManifest.xml:16:1-66:12
INJECTED from src\main\AndroidManifest.xml:16:1-66:12
	package
		ADDED from src\main\AndroidManifest.xml:17:5-43
	android:versionName
		ADDED from src\main\AndroidManifest.xml:19:5-30
		INJECTED from src\main\AndroidManifest.xml
		INJECTED from src\main\AndroidManifest.xml
	xmlns:android
		ADDED from src\main\AndroidManifest.xml:16:11-69
	android:versionCode
		ADDED from src\main\AndroidManifest.xml:18:5-28
		INJECTED from src\main\AndroidManifest.xml
		INJECTED from src\main\AndroidManifest.xml
uses-permission#android.permission.BLUETOOTH_PRIVILEGED
ADDED from src\main\AndroidManifest.xml:31:5-79
	android:name
		ADDED from src\main\AndroidManifest.xml:31:22-76
uses-permission#android.permission.ACCESS_COARSE_LOCATION
ADDED from src\main\AndroidManifest.xml:32:5-81
	android:name
		ADDED from src\main\AndroidManifest.xml:32:22-78
uses-permission#android.permission.BLUETOOTH_ADMIN
ADDED from src\main\AndroidManifest.xml:33:5-74
	android:name
		ADDED from src\main\AndroidManifest.xml:33:22-71
uses-permission#android.permission.BLUETOOTH
ADDED from src\main\AndroidManifest.xml:34:5-68
	android:name
		ADDED from src\main\AndroidManifest.xml:34:22-65
uses-feature#android.hardware.bluetooth_le
ADDED from src\main\AndroidManifest.xml:36:5-38:35
	android:required
		ADDED from src\main\AndroidManifest.xml:38:9-32
	android:name
		ADDED from src\main\AndroidManifest.xml:37:9-53
uses-feature#android.bluetooth.le
ADDED from src\main\AndroidManifest.xml:39:5-41:35
	android:required
		ADDED from src\main\AndroidManifest.xml:41:9-32
	android:name
		ADDED from src\main\AndroidManifest.xml:40:9-44
application
ADDED from src\main\AndroidManifest.xml:43:5-64:19
MERGED from [com.android.support:support-v13:24.1.1] AndroidManifest.xml:25:5-20
MERGED from [com.android.support:support-v13:24.1.1] AndroidManifest.xml:25:5-20
MERGED from [com.android.support:appcompat-v7:24.1.1] AndroidManifest.xml:25:5-20
MERGED from [com.android.support:appcompat-v7:24.1.1] AndroidManifest.xml:25:5-20
MERGED from [com.android.support:animated-vector-drawable:24.1.1] AndroidManifest.xml:22:5-20
MERGED from [com.android.support:animated-vector-drawable:24.1.1] AndroidManifest.xml:22:5-20
MERGED from [com.android.support:support-vector-drawable:24.1.1] AndroidManifest.xml:23:5-20
MERGED from [com.android.support:support-vector-drawable:24.1.1] AndroidManifest.xml:23:5-20
MERGED from [com.android.support:support-v4:24.1.1] AndroidManifest.xml:25:5-20
MERGED from [com.android.support:support-v4:24.1.1] AndroidManifest.xml:25:5-20
MERGED from [com.android.support.constraint:constraint-layout:1.0.2] AndroidManifest.xml:9:5-20
MERGED from [com.android.support.constraint:constraint-layout:1.0.2] AndroidManifest.xml:9:5-20
	android:label
		ADDED from src\main\AndroidManifest.xml:45:9-41
	android:icon
		ADDED from src\main\AndroidManifest.xml:44:9-45
	android:theme
		ADDED from src\main\AndroidManifest.xml:46:9-53
activity#com.smartwebee.android.chair.DeviceScanActivity
ADDED from src\main\AndroidManifest.xml:47:9-55:20
	android:label
		ADDED from src\main\AndroidManifest.xml:49:13-45
	android:name
		ADDED from src\main\AndroidManifest.xml:48:13-75
intent-filter#android.intent.action.MAIN+android.intent.category.LAUNCHER
ADDED from src\main\AndroidManifest.xml:50:13-54:29
action#android.intent.action.MAIN
ADDED from src\main\AndroidManifest.xml:51:17-69
	android:name
		ADDED from src\main\AndroidManifest.xml:51:25-66
category#android.intent.category.LAUNCHER
ADDED from src\main\AndroidManifest.xml:53:17-77
	android:name
		ADDED from src\main\AndroidManifest.xml:53:27-74
activity#com.smartwebee.android.chair.BleSppActivity
ADDED from src\main\AndroidManifest.xml:56:9-80
	android:name
		ADDED from src\main\AndroidManifest.xml:56:19-77
service#com.smartwebee.android.chair.BluetoothLeService
ADDED from src\main\AndroidManifest.xml:58:9-60:38
	android:enabled
		ADDED from src\main\AndroidManifest.xml:60:13-35
	android:name
		ADDED from src\main\AndroidManifest.xml:59:13-75
activity#com.smartwebee.android.chair.ChairActivity
ADDED from src\main\AndroidManifest.xml:62:9-79
	android:name
		ADDED from src\main\AndroidManifest.xml:62:19-76
activity#com.smartwebee.android.chair.RobotActivity
ADDED from src\main\AndroidManifest.xml:63:9-88
	android:name
		ADDED from src\main\AndroidManifest.xml:63:19-76
uses-sdk
INJECTED from src\main\AndroidManifest.xml reason: use-sdk injection requested
INJECTED from src\main\AndroidManifest.xml
INJECTED from src\main\AndroidManifest.xml
MERGED from [com.android.support:support-v13:24.1.1] AndroidManifest.xml:21:5-23:55
MERGED from [com.android.support:support-v13:24.1.1] AndroidManifest.xml:21:5-23:55
MERGED from [com.android.support:appcompat-v7:24.1.1] AndroidManifest.xml:21:5-23:78
MERGED from [com.android.support:appcompat-v7:24.1.1] AndroidManifest.xml:21:5-23:78
MERGED from [com.android.support:animated-vector-drawable:24.1.1] AndroidManifest.xml:20:5-44
MERGED from [com.android.support:animated-vector-drawable:24.1.1] AndroidManifest.xml:20:5-44
MERGED from [com.android.support:support-vector-drawable:24.1.1] AndroidManifest.xml:21:5-43
MERGED from [com.android.support:support-vector-drawable:24.1.1] AndroidManifest.xml:21:5-43
MERGED from [com.android.support:support-v4:24.1.1] AndroidManifest.xml:21:5-23:54
MERGED from [com.android.support:support-v4:24.1.1] AndroidManifest.xml:21:5-23:54
MERGED from [com.android.support.constraint:constraint-layout:1.0.2] AndroidManifest.xml:5:5-7:41
MERGED from [com.android.support.constraint:constraint-layout:1.0.2] AndroidManifest.xml:5:5-7:41
INJECTED from src\main\AndroidManifest.xml
INJECTED from src\main\AndroidManifest.xml
	tools:overrideLibrary
		ADDED from [com.android.support:support-v13:24.1.1] AndroidManifest.xml:23:9-52
	android:targetSdkVersion
		INJECTED from src\main\AndroidManifest.xml
		ADDED from src\main\AndroidManifest.xml
		INJECTED from src\main\AndroidManifest.xml
	android:minSdkVersion
		INJECTED from src\main\AndroidManifest.xml
		ADDED from src\main\AndroidManifest.xml
		INJECTED from src\main\AndroidManifest.xml